<?xml version="1.0" encoding="utf-8"?><testsuites name="pytest tests"><testsuite name="pytest" errors="0" failures="0" skipped="0" tests="35" time="17.280" timestamp="2026-04-08T02:26:57.579480+00:00" hostname="agent-env-198c4167-4d41-42d1-95d2-fb49ff6a634b"><testcase classname="tests.test_au4a_api.TestHealthEndpoints" name="test_root_endpoint" time="0.147" /><testcase classname="tests.test_au4a_api.TestHealthEndpoints" name="test_health_check" time="0.112" /><testcase classname="tests.test_au4a_api.TestAskLayer" name="test_create_request" time="0.153" /><testcase classname="tests.test_au4a_api.TestAskLayer" name="test_get_requests_list" time="0.110" /><testcase classname="tests.test_au4a_api.TestAskLayer" name="test_get_requests_with_filter" time="0.123" /><testcase classname="tests.test_au4a_api.TestAskLayer" name="test_get_single_request" time="0.199" /><testcase classname="tests.test_au4a_api.TestAskLayer" name="test_get_nonexistent_request" time="0.105" /><testcase classname="tests.test_au4a_api.TestEthicsEngine" name="test_create_evaluation" time="0.154" /><testcase classname="tests.test_au4a_api.TestEthicsEngine" name="test_get_pending_evaluations" time="0.100" /><testcase classname="tests.test_au4a_api.TestEthicsEngine" name="test_get_evaluations_for_request" time="0.218" /><testcase classname="tests.test_au4a_api.TestContributeLayer" name="test_create_contribution" time="0.200" /><testcase classname="tests.test_au4a_api.TestContributeLayer" name="test_all_contribution_types" time="0.697" /><testcase classname="tests.test_au4a_api.TestContributeLayer" name="test_get_contributions_for_request" time="0.276" /><testcase classname="tests.test_au4a_api.TestCoordinateLayer" name="test_create_coordination" time="0.194" /><testcase classname="tests.test_au4a_api.TestCoordinateLayer" name="test_get_coordination_tasks" time="0.200" /><testcase classname="tests.test_au4a_api.TestExecuteLayer" name="test_create_execution" time="0.196" /><testcase classname="tests.test_au4a_api.TestExecuteLayer" name="test_get_executions" time="0.195" /><testcase classname="tests.test_au4a_api.TestUserProgress" name="test_create_user" time="0.110" /><testcase classname="tests.test_au4a_api.TestUserProgress" name="test_get_user_progress_by_anonymous_id" time="0.156" /><testcase classname="tests.test_au4a_api.TestUserProgress" name="test_user_stats" time="0.162" /><testcase classname="tests.test_au4a_api.TestSponsors" name="test_create_sponsor" time="0.116" /><testcase classname="tests.test_au4a_api.TestSponsors" name="test_get_sponsors" time="0.127" /><testcase classname="tests.test_au4a_api.TestSponsors" name="test_activate_sponsor" time="0.154" /><testcase classname="tests.test_au4a_api.TestSearchEngine" name="test_search_endpoint" time="11.453" /><testcase classname="tests.test_au4a_api.TestSearchEngine" name="test_search_requires_query" time="0.291" /><testcase classname="tests.test_au4a_api.TestBlackBox" name="test_blackbox_requires_auth" time="0.128" /><testcase classname="tests.test_au4a_api.TestBlackBox" name="test_blackbox_invalid_key" time="0.123" /><testcase classname="tests.test_au4a_api.TestBlackBox" name="test_blackbox_dashboard_with_valid_key" time="0.144" /><testcase classname="tests.test_au4a_api.TestBlackBox" name="test_blackbox_audit_logs" time="0.122" /><testcase classname="tests.test_au4a_api.TestBlackBox" name="test_blackbox_code_submissions" time="0.102" /><testcase classname="tests.test_au4a_api.TestBlackBox" name="test_blackbox_ethics_cases" time="0.128" /><testcase classname="tests.test_au4a_api.TestContributionOffers" name="test_create_offer" time="0.118" /><testcase classname="tests.test_au4a_api.TestContributionOffers" name="test_get_offers" time="0.104" /><testcase classname="tests.test_au4a_api.TestOutreach" name="test_create_outreach" time="0.108" /><testcase classname="tests.test_au4a_api.TestOutreach" name="test_get_outreach_campaigns" time="0.121" /></testsuite></testsuites>